
> iapar-backend@1.0.0 start /home/marco-petry/Documentos/iapar-backend
> nodemon src/server.js

[33m[nodemon] 2.0.2[39m
[33m[nodemon] to restart at any time, enter `rs`[39m
[33m[nodemon] watching dir(s): *.*[39m
[33m[nodemon] watching extensions: js,mjs,json[39m
[32m[nodemon] starting `node src/server.js`[39m
events.js:282
      throw er; // Unhandled 'error' event
      ^

Error: EBADF: bad file descriptor, read
Emitted 'error' event on ReadStream instance at:
    at internal/fs/streams.js:198:12
    at FSReqCallback.wrapper [as oncomplete] (fs.js:491:5) {
  errno: -9,
  code: 'EBADF',
  syscall: 'read'
}
npm ERR! code ELIFECYCLE
npm ERR! errno 1
npm ERR! iapar-backend@1.0.0 start: `nodemon src/server.js`
npm ERR! Exit status 1
npm ERR! 
npm ERR! Failed at the iapar-backend@1.0.0 start script.
npm ERR! This is probably not a problem with npm. There is likely additional logging output above.

npm ERR! A complete log of this run can be found in:
npm ERR!     /home/marco-petry/.npm/_logs/2020-01-31T13_45_18_083Z-debug.log

> iapar-backend@1.0.0 start /home/marco-petry/Documentos/iapar-backend
> nodemon src/server.js

[33m[nodemon] 2.0.2[39m
[33m[nodemon] to restart at any time, enter `rs`[39m
[33m[nodemon] watching dir(s): *.*[39m
[33m[nodemon] watching extensions: js,mjs,json[39m
[32m[nodemon] starting `node src/server.js`[39m
events.js:282
      throw er; // Unhandled 'error' event
      ^

Error: EBADF: bad file descriptor, read
Emitted 'error' event on ReadStream instance at:
    at internal/fs/streams.js:198:12
    at FSReqCallback.wrapper [as oncomplete] (fs.js:491:5) {
  errno: -9,
  code: 'EBADF',
  syscall: 'read'
}
npm ERR! code ELIFECYCLE
npm ERR! errno 1
npm ERR! iapar-backend@1.0.0 start: `nodemon src/server.js`
npm ERR! Exit status 1
npm ERR! 
npm ERR! Failed at the iapar-backend@1.0.0 start script.
npm ERR! This is probably not a problem with npm. There is likely additional logging output above.

npm ERR! A complete log of this run can be found in:
npm ERR!     /home/marco-petry/.npm/_logs/2020-01-31T13_45_44_551Z-debug.log
